Determining if the pthread_create exist failed with the following output:
Change Dir: /home/zio/Reserch/src/my_localization/src/cmake-build-debug/CMakeFiles/CMakeTmp

Run Build Command(s):/usr/bin/make cmTC_cbdcc/fast 
/usr/bin/make -f CMakeFiles/cmTC_cbdcc.dir/build.make CMakeFiles/cmTC_cbdcc.dir/build
make[1]: Entering directory '/home/zio/Reserch/src/my_localization/src/cmake-build-debug/CMakeFiles/CMakeTmp'
Building C object CMakeFiles/cmTC_cbdcc.dir/CheckSymbolExists.c.o
/usr/bin/cc    -o CMakeFiles/cmTC_cbdcc.dir/CheckSymbolExists.c.o   -c /home/zio/Reserch/src/my_localization/src/cmake-build-debug/CMakeFiles/CMakeTmp/CheckSymbolExists.c
Linking C executable cmTC_cbdcc
/home/zio/app/clion-2019.2/bin/cmake/linux/bin/cmake -E cmake_link_script CMakeFiles/cmTC_cbdcc.dir/link.txt --verbose=1
/usr/bin/cc      -rdynamic CMakeFiles/cmTC_cbdcc.dir/CheckSymbolExists.c.o  -o cmTC_cbdcc 
CMakeFiles/cmTC_cbdcc.dir/CheckSymbolExists.c.o: In function `main':
CheckSymbolExists.c:(.text+0x16): undefined reference to `pthread_create'
collect2: error: ld returned 1 exit status
CMakeFiles/cmTC_cbdcc.dir/build.make:86: recipe for target 'cmTC_cbdcc' failed
make[1]: *** [cmTC_cbdcc] Error 1
make[1]: Leaving directory '/home/zio/Reserch/src/my_localization/src/cmake-build-debug/CMakeFiles/CMakeTmp'
Makefile:121: recipe for target 'cmTC_cbdcc/fast' failed
make: *** [cmTC_cbdcc/fast] Error 2

File /home/zio/Reserch/src/my_localization/src/cmake-build-debug/CMakeFiles/CMakeTmp/CheckSymbolExists.c:
/* */
#include <pthread.h>

int main(int argc, char** argv)
{
  (void)argv;
#ifndef pthread_create
  return ((int*)(&pthread_create))[argc];
#else
  (void)argc;
  return 0;
#endif
}

Determining if the function pthread_create exists in the pthreads failed with the following output:
Change Dir: /home/zio/Reserch/src/my_localization/src/cmake-build-debug/CMakeFiles/CMakeTmp

Run Build Command(s):/usr/bin/make cmTC_3e8aa/fast 
/usr/bin/make -f CMakeFiles/cmTC_3e8aa.dir/build.make CMakeFiles/cmTC_3e8aa.dir/build
make[1]: Entering directory '/home/zio/Reserch/src/my_localization/src/cmake-build-debug/CMakeFiles/CMakeTmp'
Building C object CMakeFiles/cmTC_3e8aa.dir/CheckFunctionExists.c.o
/usr/bin/cc   -DCHECK_FUNCTION_EXISTS=pthread_create   -o CMakeFiles/cmTC_3e8aa.dir/CheckFunctionExists.c.o   -c /home/zio/app/clion-2019.2/bin/cmake/linux/share/cmake-3.14/Modules/CheckFunctionExists.c
Linking C executable cmTC_3e8aa
/home/zio/app/clion-2019.2/bin/cmake/linux/bin/cmake -E cmake_link_script CMakeFiles/cmTC_3e8aa.dir/link.txt --verbose=1
/usr/bin/cc  -DCHECK_FUNCTION_EXISTS=pthread_create    -rdynamic CMakeFiles/cmTC_3e8aa.dir/CheckFunctionExists.c.o  -o cmTC_3e8aa -lpthreads 
/usr/bin/ld: cannot find -lpthreads
collect2: error: ld returned 1 exit status
CMakeFiles/cmTC_3e8aa.dir/build.make:86: recipe for target 'cmTC_3e8aa' failed
make[1]: *** [cmTC_3e8aa] Error 1
make[1]: Leaving directory '/home/zio/Reserch/src/my_localization/src/cmake-build-debug/CMakeFiles/CMakeTmp'
Makefile:121: recipe for target 'cmTC_3e8aa/fast' failed
make: *** [cmTC_3e8aa/fast] Error 2


